{"message":"Preferences loaded from /home/phuoclong/.config/pomotroid/user-preferences.json","level":"info","hostname":"ThinkBookG2","timestamp":"2021-09-26T18:52:28.291Z"}
{"message":"app ready","level":"info","hostname":"ThinkBookG2","timestamp":"2021-09-26T18:52:28.365Z"}
{"message":"Registering shortcut for call-timer-toggle: Control+F1","level":"info","hostname":"ThinkBookG2","timestamp":"2021-09-26T18:52:28.451Z"}
{"message":"Registering shortcut for call-timer-reset: Control+F2","level":"info","hostname":"ThinkBookG2","timestamp":"2021-09-26T18:52:28.452Z"}
{"message":"Registering shortcut for call-timer-skip: Control+F3","level":"info","hostname":"ThinkBookG2","timestamp":"2021-09-26T18:52:28.452Z"}
{"message":"Preferences loaded from /home/phuoclong/.config/pomotroid/user-preferences.json","level":"info","hostname":"ThinkBookG2","timestamp":"2021-09-26T18:52:28.734Z"}
{"message":"focus round round started","level":"info","hostname":"ThinkBookG2","timestamp":"2021-09-26T18:52:30.727Z"}
{"message":"Preferences loaded from /home/phuoclong/.config/pomotroid/user-preferences.json","level":"info","hostname":"ThinkBookG2","timestamp":"2021-09-27T04:43:58.557Z"}
{"message":"app ready","level":"info","hostname":"ThinkBookG2","timestamp":"2021-09-27T04:43:58.629Z"}
{"message":"Registering shortcut for call-timer-toggle: Control+F1","level":"info","hostname":"ThinkBookG2","timestamp":"2021-09-27T04:43:58.729Z"}
{"message":"Registering shortcut for call-timer-reset: Control+F2","level":"info","hostname":"ThinkBookG2","timestamp":"2021-09-27T04:43:58.730Z"}
{"message":"Registering shortcut for call-timer-skip: Control+F3","level":"info","hostname":"ThinkBookG2","timestamp":"2021-09-27T04:43:58.731Z"}
{"message":"Preferences loaded from /home/phuoclong/.config/pomotroid/user-preferences.json","level":"info","hostname":"ThinkBookG2","timestamp":"2021-09-27T04:43:58.997Z"}
{"message":"focus round round started","level":"info","hostname":"ThinkBookG2","timestamp":"2021-09-27T04:44:16.724Z"}
{"message":"focus round completed","level":"info","hostname":"ThinkBookG2","timestamp":"2021-09-27T05:09:16.736Z"}
{"message":"short break round started","level":"info","hostname":"ThinkBookG2","timestamp":"2021-09-27T05:09:18.245Z"}
{"message":"short break completed","level":"info","hostname":"ThinkBookG2","timestamp":"2021-09-27T05:14:18.255Z"}
{"message":"focus round round started","level":"info","hostname":"ThinkBookG2","timestamp":"2021-09-27T05:14:19.762Z"}
{"message":"Preferences loaded from /home/phuoclong/.config/pomotroid/user-preferences.json","level":"info","hostname":"ThinkBookG2","timestamp":"2021-09-27T05:18:04.084Z"}
{"message":"app ready","level":"info","hostname":"ThinkBookG2","timestamp":"2021-09-27T05:18:04.159Z"}
{"message":"Registering shortcut for call-timer-toggle: Control+F1","level":"info","hostname":"ThinkBookG2","timestamp":"2021-09-27T05:18:04.233Z"}
{"message":"Registering shortcut for call-timer-reset: Control+F2","level":"info","hostname":"ThinkBookG2","timestamp":"2021-09-27T05:18:04.235Z"}
{"message":"Registering shortcut for call-timer-skip: Control+F3","level":"info","hostname":"ThinkBookG2","timestamp":"2021-09-27T05:18:04.235Z"}
{"message":"Preferences loaded from /home/phuoclong/.config/pomotroid/user-preferences.json","level":"info","hostname":"ThinkBookG2","timestamp":"2021-09-27T05:18:04.504Z"}
{"message":"focus round completed","level":"info","hostname":"ThinkBookG2","timestamp":"2021-09-27T05:39:19.772Z"}
{"message":"short break round started","level":"info","hostname":"ThinkBookG2","timestamp":"2021-09-27T05:39:21.283Z"}
{"message":"short break completed","level":"info","hostname":"ThinkBookG2","timestamp":"2021-09-27T05:44:21.289Z"}
{"message":"focus round round started","level":"info","hostname":"ThinkBookG2","timestamp":"2021-09-27T05:44:22.805Z"}
{"message":"focus round completed","level":"info","hostname":"ThinkBookG2","timestamp":"2021-09-27T06:09:22.815Z"}
{"message":"short break round started","level":"info","hostname":"ThinkBookG2","timestamp":"2021-09-27T06:09:24.326Z"}
{"message":"Preferences loaded from /home/phuoclong/.config/pomotroid/user-preferences.json","level":"info","hostname":"ThinkBookG2","timestamp":"2021-09-27T14:11:19.925Z"}
{"message":"app ready","level":"info","hostname":"ThinkBookG2","timestamp":"2021-09-27T14:11:20.053Z"}
{"message":"Registering shortcut for call-timer-toggle: Control+F1","level":"info","hostname":"ThinkBookG2","timestamp":"2021-09-27T14:11:20.151Z"}
{"message":"Registering shortcut for call-timer-reset: Control+F2","level":"info","hostname":"ThinkBookG2","timestamp":"2021-09-27T14:11:20.152Z"}
{"message":"Registering shortcut for call-timer-skip: Control+F3","level":"info","hostname":"ThinkBookG2","timestamp":"2021-09-27T14:11:20.152Z"}
{"message":"Preferences loaded from /home/phuoclong/.config/pomotroid/user-preferences.json","level":"info","hostname":"ThinkBookG2","timestamp":"2021-09-27T14:11:20.510Z"}
{"message":"Preferences loaded from /home/phuoclong/.config/pomotroid/user-preferences.json","level":"info","hostname":"ThinkBookG2","timestamp":"2021-09-27T14:16:33.847Z"}
{"message":"app ready","level":"info","hostname":"ThinkBookG2","timestamp":"2021-09-27T14:16:33.963Z"}
{"message":"Registering shortcut for call-timer-toggle: Control+F1","level":"info","hostname":"ThinkBookG2","timestamp":"2021-09-27T14:16:34.058Z"}
{"message":"Registering shortcut for call-timer-reset: Control+F2","level":"info","hostname":"ThinkBookG2","timestamp":"2021-09-27T14:16:34.059Z"}
{"message":"Registering shortcut for call-timer-skip: Control+F3","level":"info","hostname":"ThinkBookG2","timestamp":"2021-09-27T14:16:34.060Z"}
{"message":"Preferences loaded from /home/phuoclong/.config/pomotroid/user-preferences.json","level":"info","hostname":"ThinkBookG2","timestamp":"2021-09-27T14:16:34.475Z"}
{"message":"Preferences loaded from /home/phuoclong/.config/pomotroid/user-preferences.json","level":"info","hostname":"ThinkBookG2","timestamp":"2021-09-27T14:22:26.613Z"}
{"message":"app ready","level":"info","hostname":"ThinkBookG2","timestamp":"2021-09-27T14:22:26.734Z"}
{"message":"Registering shortcut for call-timer-toggle: Control+F1","level":"info","hostname":"ThinkBookG2","timestamp":"2021-09-27T14:22:26.870Z"}
{"message":"Registering shortcut for call-timer-reset: Control+F2","level":"info","hostname":"ThinkBookG2","timestamp":"2021-09-27T14:22:26.872Z"}
{"message":"Registering shortcut for call-timer-skip: Control+F3","level":"info","hostname":"ThinkBookG2","timestamp":"2021-09-27T14:22:26.872Z"}
{"message":"Preferences loaded from /home/phuoclong/.config/pomotroid/user-preferences.json","level":"info","hostname":"ThinkBookG2","timestamp":"2021-09-27T14:22:27.376Z"}
{"message":"Preferences loaded from /home/phuoclong/.config/pomotroid/user-preferences.json","level":"info","hostname":"ThinkBookG2","timestamp":"2021-09-27T14:27:12.094Z"}
{"message":"app ready","level":"info","hostname":"ThinkBookG2","timestamp":"2021-09-27T14:27:12.216Z"}
{"message":"Registering shortcut for call-timer-toggle: Control+F1","level":"info","hostname":"ThinkBookG2","timestamp":"2021-09-27T14:27:12.318Z"}
{"message":"Registering shortcut for call-timer-reset: Control+F2","level":"info","hostname":"ThinkBookG2","timestamp":"2021-09-27T14:27:12.319Z"}
{"message":"Registering shortcut for call-timer-skip: Control+F3","level":"info","hostname":"ThinkBookG2","timestamp":"2021-09-27T14:27:12.320Z"}
{"message":"Preferences loaded from /home/phuoclong/.config/pomotroid/user-preferences.json","level":"info","hostname":"ThinkBookG2","timestamp":"2021-09-27T14:27:12.744Z"}
{"message":"focus round round started","level":"info","hostname":"ThinkBookG2","timestamp":"2021-09-27T14:27:22.637Z"}
{"message":"Preferences loaded from /home/phuoclong/.config/pomotroid/user-preferences.json","level":"info","hostname":"ThinkBookG2","timestamp":"2021-09-27T14:40:26.706Z"}
{"message":"app ready","level":"info","hostname":"ThinkBookG2","timestamp":"2021-09-27T14:40:26.799Z"}
{"message":"Registering shortcut for call-timer-toggle: Control+F1","level":"info","hostname":"ThinkBookG2","timestamp":"2021-09-27T14:40:26.861Z"}
{"message":"Registering shortcut for call-timer-reset: Control+F2","level":"info","hostname":"ThinkBookG2","timestamp":"2021-09-27T14:40:26.862Z"}
{"message":"Registering shortcut for call-timer-skip: Control+F3","level":"info","hostname":"ThinkBookG2","timestamp":"2021-09-27T14:40:26.862Z"}
{"message":"Preferences loaded from /home/phuoclong/.config/pomotroid/user-preferences.json","level":"info","hostname":"ThinkBookG2","timestamp":"2021-09-27T14:40:27.109Z"}
{"message":"focus round round started","level":"info","hostname":"ThinkBookG2","timestamp":"2021-09-27T14:40:32.247Z"}
{"message":"focus round completed","level":"info","hostname":"ThinkBookG2","timestamp":"2021-09-27T15:05:32.257Z"}
{"message":"short break round started","level":"info","hostname":"ThinkBookG2","timestamp":"2021-09-27T15:05:33.762Z"}
{"message":"short break completed","level":"info","hostname":"ThinkBookG2","timestamp":"2021-09-27T15:10:33.765Z"}
{"message":"focus round round started","level":"info","hostname":"ThinkBookG2","timestamp":"2021-09-27T15:10:35.276Z"}
{"message":"Preferences loaded from /home/phuoclong/.config/pomotroid/user-preferences.json","level":"info","hostname":"ThinkBookG2","timestamp":"2021-09-27T15:34:19.642Z"}
{"message":"app ready","level":"info","hostname":"ThinkBookG2","timestamp":"2021-09-27T15:34:19.737Z"}
{"message":"Registering shortcut for call-timer-toggle: Control+F1","level":"info","hostname":"ThinkBookG2","timestamp":"2021-09-27T15:34:19.839Z"}
{"message":"Registering shortcut for call-timer-reset: Control+F2","level":"info","hostname":"ThinkBookG2","timestamp":"2021-09-27T15:34:19.840Z"}
{"message":"Registering shortcut for call-timer-skip: Control+F3","level":"info","hostname":"ThinkBookG2","timestamp":"2021-09-27T15:34:19.840Z"}
{"message":"Preferences loaded from /home/phuoclong/.config/pomotroid/user-preferences.json","level":"info","hostname":"ThinkBookG2","timestamp":"2021-09-27T15:34:20.049Z"}
{"message":"Preferences loaded from /home/phuoclong/.config/pomotroid/user-preferences.json","level":"info","hostname":"ThinkBookG2","timestamp":"2021-09-27T16:18:01.987Z"}
{"message":"app ready","level":"info","hostname":"ThinkBookG2","timestamp":"2021-09-27T16:18:02.115Z"}
{"message":"Registering shortcut for call-timer-toggle: Control+F1","level":"info","hostname":"ThinkBookG2","timestamp":"2021-09-27T16:18:02.214Z"}
{"message":"Registering shortcut for call-timer-reset: Control+F2","level":"info","hostname":"ThinkBookG2","timestamp":"2021-09-27T16:18:02.216Z"}
{"message":"Registering shortcut for call-timer-skip: Control+F3","level":"info","hostname":"ThinkBookG2","timestamp":"2021-09-27T16:18:02.216Z"}
{"message":"Preferences loaded from /home/phuoclong/.config/pomotroid/user-preferences.json","level":"info","hostname":"ThinkBookG2","timestamp":"2021-09-27T16:18:02.590Z"}
{"message":"Preferences loaded from /home/phuoclong/.config/pomotroid/user-preferences.json","level":"info","hostname":"ThinkBookG2","timestamp":"2021-09-27T16:38:52.440Z"}
{"message":"app ready","level":"info","hostname":"ThinkBookG2","timestamp":"2021-09-27T16:38:52.559Z"}
{"message":"Registering shortcut for call-timer-toggle: Control+F1","level":"info","hostname":"ThinkBookG2","timestamp":"2021-09-27T16:38:52.686Z"}
{"message":"Registering shortcut for call-timer-reset: Control+F2","level":"info","hostname":"ThinkBookG2","timestamp":"2021-09-27T16:38:52.688Z"}
{"message":"Registering shortcut for call-timer-skip: Control+F3","level":"info","hostname":"ThinkBookG2","timestamp":"2021-09-27T16:38:52.688Z"}
{"message":"Preferences loaded from /home/phuoclong/.config/pomotroid/user-preferences.json","level":"info","hostname":"ThinkBookG2","timestamp":"2021-09-27T16:38:53.197Z"}
{"message":"focus round round started","level":"info","hostname":"ThinkBookG2","timestamp":"2021-09-27T16:43:08.917Z"}
{"message":"Preferences loaded from /home/phuoclong/.config/pomotroid/user-preferences.json","level":"info","hostname":"ThinkBookG2","timestamp":"2021-09-27T16:45:44.727Z"}
{"message":"app ready","level":"info","hostname":"ThinkBookG2","timestamp":"2021-09-27T16:45:44.832Z"}
{"message":"Registering shortcut for call-timer-toggle: Control+F1","level":"info","hostname":"ThinkBookG2","timestamp":"2021-09-27T16:45:44.925Z"}
{"message":"Registering shortcut for call-timer-reset: Control+F2","level":"info","hostname":"ThinkBookG2","timestamp":"2021-09-27T16:45:44.926Z"}
{"message":"Registering shortcut for call-timer-skip: Control+F3","level":"info","hostname":"ThinkBookG2","timestamp":"2021-09-27T16:45:44.927Z"}
{"message":"Preferences loaded from /home/phuoclong/.config/pomotroid/user-preferences.json","level":"info","hostname":"ThinkBookG2","timestamp":"2021-09-27T16:45:45.317Z"}
{"message":"Preferences loaded from /home/phuoclong/.config/pomotroid/user-preferences.json","level":"info","hostname":"ThinkBookG2","timestamp":"2021-09-27T16:46:34.844Z"}
{"message":"app ready","level":"info","hostname":"ThinkBookG2","timestamp":"2021-09-27T16:46:34.998Z"}
{"message":"Registering shortcut for call-timer-toggle: Control+F1","level":"info","hostname":"ThinkBookG2","timestamp":"2021-09-27T16:46:35.118Z"}
{"message":"Registering shortcut for call-timer-reset: Control+F2","level":"info","hostname":"ThinkBookG2","timestamp":"2021-09-27T16:46:35.120Z"}
{"message":"Registering shortcut for call-timer-skip: Control+F3","level":"info","hostname":"ThinkBookG2","timestamp":"2021-09-27T16:46:35.121Z"}
{"message":"Preferences loaded from /home/phuoclong/.config/pomotroid/user-preferences.json","level":"info","hostname":"ThinkBookG2","timestamp":"2021-09-27T16:46:35.497Z"}
{"message":"Preferences loaded from /home/phuoclong/.config/pomotroid/user-preferences.json","level":"info","hostname":"ThinkBookG2","timestamp":"2021-09-27T16:53:55.967Z"}
{"message":"app ready","level":"info","hostname":"ThinkBookG2","timestamp":"2021-09-27T16:53:56.100Z"}
{"message":"Registering shortcut for call-timer-toggle: Control+F1","level":"info","hostname":"ThinkBookG2","timestamp":"2021-09-27T16:53:56.297Z"}
{"message":"Registering shortcut for call-timer-reset: Control+F2","level":"info","hostname":"ThinkBookG2","timestamp":"2021-09-27T16:53:56.300Z"}
{"message":"Registering shortcut for call-timer-skip: Control+F3","level":"info","hostname":"ThinkBookG2","timestamp":"2021-09-27T16:53:56.301Z"}
{"message":"Preferences loaded from /home/phuoclong/.config/pomotroid/user-preferences.json","level":"info","hostname":"ThinkBookG2","timestamp":"2021-09-27T16:53:56.691Z"}
