{"message":"Preferences loaded from /home/phuoclong/.config/pomotroid/user-preferences.json","level":"info","hostname":"archlinux","timestamp":"2021-09-16T04:02:27.891Z"}
{"message":"app ready","level":"info","hostname":"archlinux","timestamp":"2021-09-16T04:02:27.966Z"}
{"message":"Registering shortcut for call-timer-toggle: Control+F1","level":"info","hostname":"archlinux","timestamp":"2021-09-16T04:02:28.032Z"}
{"message":"Registering shortcut for call-timer-reset: Control+F2","level":"info","hostname":"archlinux","timestamp":"2021-09-16T04:02:28.033Z"}
{"message":"Registering shortcut for call-timer-skip: Control+F3","level":"info","hostname":"archlinux","timestamp":"2021-09-16T04:02:28.033Z"}
{"message":"Preferences loaded from /home/phuoclong/.config/pomotroid/user-preferences.json","level":"info","hostname":"archlinux","timestamp":"2021-09-16T04:02:28.291Z"}
{"message":"focus round round started","level":"info","hostname":"archlinux","timestamp":"2021-09-16T04:04:53.226Z"}
{"message":"Preferences loaded from /home/phuoclong/.config/pomotroid/user-preferences.json","level":"info","hostname":"archlinux","timestamp":"2021-09-16T04:10:45.442Z"}
{"message":"app ready","level":"info","hostname":"archlinux","timestamp":"2021-09-16T04:10:45.553Z"}
{"message":"Registering shortcut for call-timer-toggle: Control+F1","level":"info","hostname":"archlinux","timestamp":"2021-09-16T04:10:45.620Z"}
{"message":"Registering shortcut for call-timer-reset: Control+F2","level":"info","hostname":"archlinux","timestamp":"2021-09-16T04:10:45.620Z"}
{"message":"Registering shortcut for call-timer-skip: Control+F3","level":"info","hostname":"archlinux","timestamp":"2021-09-16T04:10:45.621Z"}
{"message":"Preferences loaded from /home/phuoclong/.config/pomotroid/user-preferences.json","level":"info","hostname":"archlinux","timestamp":"2021-09-16T04:10:45.884Z"}
{"message":"Preferences loaded from /home/phuoclong/.config/pomotroid/user-preferences.json","level":"info","hostname":"archlinux","timestamp":"2021-09-16T04:23:31.593Z"}
{"message":"app ready","level":"info","hostname":"archlinux","timestamp":"2021-09-16T04:23:31.680Z"}
{"message":"Registering shortcut for call-timer-toggle: Control+F1","level":"info","hostname":"archlinux","timestamp":"2021-09-16T04:23:31.756Z"}
{"message":"Registering shortcut for call-timer-reset: Control+F2","level":"info","hostname":"archlinux","timestamp":"2021-09-16T04:23:31.756Z"}
{"message":"Registering shortcut for call-timer-skip: Control+F3","level":"info","hostname":"archlinux","timestamp":"2021-09-16T04:23:31.756Z"}
{"message":"Preferences loaded from /home/phuoclong/.config/pomotroid/user-preferences.json","level":"info","hostname":"archlinux","timestamp":"2021-09-16T04:23:32.012Z"}
{"message":"focus round round started","level":"info","hostname":"archlinux","timestamp":"2021-09-16T04:23:50.121Z"}
{"message":"focus round completed","level":"info","hostname":"archlinux","timestamp":"2021-09-16T04:48:50.131Z"}
{"message":"short break round started","level":"info","hostname":"archlinux","timestamp":"2021-09-16T04:48:51.639Z"}
{"message":"short break completed","level":"info","hostname":"archlinux","timestamp":"2021-09-16T04:53:51.643Z"}
{"message":"focus round round started","level":"info","hostname":"archlinux","timestamp":"2021-09-16T04:53:53.151Z"}
{"message":"Preferences loaded from /home/phuoclong/.config/pomotroid/user-preferences.json","level":"info","hostname":"archlinux","timestamp":"2021-09-16T04:55:14.307Z"}
{"message":"app ready","level":"info","hostname":"archlinux","timestamp":"2021-09-16T04:55:14.391Z"}
{"message":"Registering shortcut for call-timer-toggle: Control+F1","level":"info","hostname":"archlinux","timestamp":"2021-09-16T04:55:14.486Z"}
{"message":"Registering shortcut for call-timer-reset: Control+F2","level":"info","hostname":"archlinux","timestamp":"2021-09-16T04:55:14.486Z"}
{"message":"Registering shortcut for call-timer-skip: Control+F3","level":"info","hostname":"archlinux","timestamp":"2021-09-16T04:55:14.487Z"}
{"message":"Preferences loaded from /home/phuoclong/.config/pomotroid/user-preferences.json","level":"info","hostname":"archlinux","timestamp":"2021-09-16T04:55:14.781Z"}
{"message":"Preferences loaded from /home/phuoclong/.config/pomotroid/user-preferences.json","level":"info","hostname":"archlinux","timestamp":"2021-09-16T04:59:40.030Z"}
{"message":"app ready","level":"info","hostname":"archlinux","timestamp":"2021-09-16T04:59:40.127Z"}
{"message":"Registering shortcut for call-timer-toggle: Control+F1","level":"info","hostname":"archlinux","timestamp":"2021-09-16T04:59:40.240Z"}
{"message":"Registering shortcut for call-timer-reset: Control+F2","level":"info","hostname":"archlinux","timestamp":"2021-09-16T04:59:40.241Z"}
{"message":"Registering shortcut for call-timer-skip: Control+F3","level":"info","hostname":"archlinux","timestamp":"2021-09-16T04:59:40.241Z"}
{"message":"Preferences loaded from /home/phuoclong/.config/pomotroid/user-preferences.json","level":"info","hostname":"archlinux","timestamp":"2021-09-16T04:59:40.486Z"}
{"message":"Preferences loaded from /home/phuoclong/.config/pomotroid/user-preferences.json","level":"info","hostname":"archlinux","timestamp":"2021-09-16T05:06:23.291Z"}
{"message":"app ready","level":"info","hostname":"archlinux","timestamp":"2021-09-16T05:06:23.373Z"}
{"message":"Registering shortcut for call-timer-toggle: Control+F1","level":"info","hostname":"archlinux","timestamp":"2021-09-16T05:06:23.440Z"}
{"message":"Registering shortcut for call-timer-reset: Control+F2","level":"info","hostname":"archlinux","timestamp":"2021-09-16T05:06:23.441Z"}
{"message":"Registering shortcut for call-timer-skip: Control+F3","level":"info","hostname":"archlinux","timestamp":"2021-09-16T05:06:23.441Z"}
{"message":"Preferences loaded from /home/phuoclong/.config/pomotroid/user-preferences.json","level":"info","hostname":"archlinux","timestamp":"2021-09-16T05:06:23.712Z"}
{"message":"focus round round started","level":"info","hostname":"archlinux","timestamp":"2021-09-16T05:09:30.910Z"}
{"message":"Preferences loaded from /home/phuoclong/.config/pomotroid/user-preferences.json","level":"info","hostname":"archlinux","timestamp":"2021-09-16T05:17:18.499Z"}
{"message":"app ready","level":"info","hostname":"archlinux","timestamp":"2021-09-16T05:17:18.624Z"}
{"message":"Registering shortcut for call-timer-toggle: Control+F1","level":"info","hostname":"archlinux","timestamp":"2021-09-16T05:17:18.695Z"}
{"message":"Registering shortcut for call-timer-reset: Control+F2","level":"info","hostname":"archlinux","timestamp":"2021-09-16T05:17:18.695Z"}
{"message":"Registering shortcut for call-timer-skip: Control+F3","level":"info","hostname":"archlinux","timestamp":"2021-09-16T05:17:18.696Z"}
{"message":"Preferences loaded from /home/phuoclong/.config/pomotroid/user-preferences.json","level":"info","hostname":"archlinux","timestamp":"2021-09-16T05:17:18.950Z"}
{"message":"focus round round started","level":"info","hostname":"archlinux","timestamp":"2021-09-16T05:17:28.286Z"}
{"message":"focus round completed","level":"info","hostname":"archlinux","timestamp":"2021-09-16T05:42:28.295Z"}
{"message":"short break round started","level":"info","hostname":"archlinux","timestamp":"2021-09-16T05:42:29.800Z"}
{"message":"short break completed","level":"info","hostname":"archlinux","timestamp":"2021-09-16T05:47:29.803Z"}
{"message":"focus round round started","level":"info","hostname":"archlinux","timestamp":"2021-09-16T05:47:31.308Z"}
{"message":"focus round round paused","level":"info","hostname":"archlinux","timestamp":"2021-09-16T05:55:19.432Z"}
{"message":"focus round round started","level":"info","hostname":"archlinux","timestamp":"2021-09-16T06:27:39.184Z"}
{"message":"focus round completed","level":"info","hostname":"archlinux","timestamp":"2021-09-16T06:44:51.182Z"}
{"message":"short break round started","level":"info","hostname":"archlinux","timestamp":"2021-09-16T06:44:52.689Z"}
{"message":"short break completed","level":"info","hostname":"archlinux","timestamp":"2021-09-16T06:49:52.690Z"}
{"message":"focus round round started","level":"info","hostname":"archlinux","timestamp":"2021-09-16T06:49:54.195Z"}
{"message":"focus round completed","level":"info","hostname":"archlinux","timestamp":"2021-09-16T07:14:54.197Z"}
{"message":"short break round started","level":"info","hostname":"archlinux","timestamp":"2021-09-16T07:14:55.707Z"}
{"message":"short break completed","level":"info","hostname":"archlinux","timestamp":"2021-09-16T07:19:55.710Z"}
{"message":"focus round round started","level":"info","hostname":"archlinux","timestamp":"2021-09-16T07:19:57.217Z"}
{"message":"focus round completed","level":"info","hostname":"archlinux","timestamp":"2021-09-16T07:44:57.242Z"}
{"message":"long break round started","level":"info","hostname":"archlinux","timestamp":"2021-09-16T07:44:58.796Z"}
{"message":"Preferences loaded from /home/phuoclong/.config/pomotroid/user-preferences.json","level":"info","hostname":"archlinux","timestamp":"2021-09-16T08:58:50.764Z"}
{"message":"app ready","level":"info","hostname":"archlinux","timestamp":"2021-09-16T08:58:50.870Z"}
{"message":"Registering shortcut for call-timer-toggle: Control+F1","level":"info","hostname":"archlinux","timestamp":"2021-09-16T08:58:50.973Z"}
{"message":"Registering shortcut for call-timer-reset: Control+F2","level":"info","hostname":"archlinux","timestamp":"2021-09-16T08:58:50.975Z"}
{"message":"Registering shortcut for call-timer-skip: Control+F3","level":"info","hostname":"archlinux","timestamp":"2021-09-16T08:58:50.975Z"}
{"message":"Preferences loaded from /home/phuoclong/.config/pomotroid/user-preferences.json","level":"info","hostname":"archlinux","timestamp":"2021-09-16T08:58:51.221Z"}
{"message":"focus round round started","level":"info","hostname":"archlinux","timestamp":"2021-09-16T08:58:54.141Z"}
{"message":"focus round completed","level":"info","hostname":"archlinux","timestamp":"2021-09-16T09:23:55.181Z"}
{"message":"short break round started","level":"info","hostname":"archlinux","timestamp":"2021-09-16T09:23:56.740Z"}
{"message":"short break completed","level":"info","hostname":"archlinux","timestamp":"2021-09-16T09:28:56.754Z"}
{"message":"focus round round started","level":"info","hostname":"archlinux","timestamp":"2021-09-16T09:28:58.271Z"}
{"message":"focus round completed","level":"info","hostname":"archlinux","timestamp":"2021-09-16T09:53:58.297Z"}
{"message":"short break round started","level":"info","hostname":"archlinux","timestamp":"2021-09-16T09:53:59.863Z"}
{"message":"short break completed","level":"info","hostname":"archlinux","timestamp":"2021-09-16T09:58:59.895Z"}
{"message":"focus round round started","level":"info","hostname":"archlinux","timestamp":"2021-09-16T09:59:01.463Z"}
{"message":"focus round completed","level":"info","hostname":"archlinux","timestamp":"2021-09-16T10:24:01.488Z"}
{"message":"short break round started","level":"info","hostname":"archlinux","timestamp":"2021-09-16T10:24:03.056Z"}
{"message":"short break completed","level":"info","hostname":"archlinux","timestamp":"2021-09-16T10:29:03.074Z"}
{"message":"focus round round started","level":"info","hostname":"archlinux","timestamp":"2021-09-16T10:29:04.615Z"}
{"message":"Preferences loaded from /home/phuoclong/.config/pomotroid/user-preferences.json","level":"info","hostname":"archlinux","timestamp":"2021-09-16T12:16:12.346Z"}
{"message":"app ready","level":"info","hostname":"archlinux","timestamp":"2021-09-16T12:16:12.439Z"}
{"message":"Registering shortcut for call-timer-toggle: Control+F1","level":"info","hostname":"archlinux","timestamp":"2021-09-16T12:16:12.613Z"}
{"message":"Registering shortcut for call-timer-reset: Control+F2","level":"info","hostname":"archlinux","timestamp":"2021-09-16T12:16:12.614Z"}
{"message":"Registering shortcut for call-timer-skip: Control+F3","level":"info","hostname":"archlinux","timestamp":"2021-09-16T12:16:12.614Z"}
{"message":"Preferences loaded from /home/phuoclong/.config/pomotroid/user-preferences.json","level":"info","hostname":"archlinux","timestamp":"2021-09-16T12:16:12.882Z"}
{"message":"focus round round started","level":"info","hostname":"archlinux","timestamp":"2021-09-16T12:17:32.357Z"}
{"message":"focus round completed","level":"info","hostname":"archlinux","timestamp":"2021-09-16T12:42:32.394Z"}
{"message":"short break round started","level":"info","hostname":"archlinux","timestamp":"2021-09-16T12:42:33.944Z"}
{"message":"short break completed","level":"info","hostname":"archlinux","timestamp":"2021-09-16T12:47:33.945Z"}
{"message":"focus round round started","level":"info","hostname":"archlinux","timestamp":"2021-09-16T12:47:35.461Z"}
{"message":"focus round completed","level":"info","hostname":"archlinux","timestamp":"2021-09-16T13:12:35.474Z"}
{"message":"short break round started","level":"info","hostname":"archlinux","timestamp":"2021-09-16T13:12:37.002Z"}
{"message":"short break completed","level":"info","hostname":"archlinux","timestamp":"2021-09-16T13:17:37.004Z"}
{"message":"focus round round started","level":"info","hostname":"archlinux","timestamp":"2021-09-16T13:17:38.511Z"}
{"message":"focus round completed","level":"info","hostname":"archlinux","timestamp":"2021-09-16T13:42:38.513Z"}
{"message":"short break round started","level":"info","hostname":"archlinux","timestamp":"2021-09-16T13:42:40.019Z"}
{"message":"short break completed","level":"info","hostname":"archlinux","timestamp":"2021-09-16T13:47:40.020Z"}
{"message":"focus round round started","level":"info","hostname":"archlinux","timestamp":"2021-09-16T13:47:41.527Z"}
{"message":"focus round completed","level":"info","hostname":"archlinux","timestamp":"2021-09-16T14:12:41.543Z"}
{"message":"long break round started","level":"info","hostname":"archlinux","timestamp":"2021-09-16T14:12:43.049Z"}
{"message":"long break completed","level":"info","hostname":"archlinux","timestamp":"2021-09-16T14:27:43.052Z"}
{"message":"focus round round started","level":"info","hostname":"archlinux","timestamp":"2021-09-16T14:27:44.567Z"}
