{"message":"Preferences loaded from /home/phuoclong/.config/pomotroid/user-preferences.json","level":"info","hostname":"archlinux","timestamp":"2021-09-14T08:53:00.262Z"}
{"message":"app ready","level":"info","hostname":"archlinux","timestamp":"2021-09-14T08:53:00.318Z"}
{"message":"Registering shortcut for call-timer-toggle: Control+F1","level":"info","hostname":"archlinux","timestamp":"2021-09-14T08:53:00.368Z"}
{"message":"Registering shortcut for call-timer-reset: Control+F2","level":"info","hostname":"archlinux","timestamp":"2021-09-14T08:53:00.369Z"}
{"message":"Registering shortcut for call-timer-skip: Control+F3","level":"info","hostname":"archlinux","timestamp":"2021-09-14T08:53:00.369Z"}
{"message":"creating directory: /home/phuoclong/.config/pomotroid/themes","level":"info","hostname":"archlinux","timestamp":"2021-09-14T08:53:00.609Z"}
{"message":"Preferences loaded from /home/phuoclong/.config/pomotroid/user-preferences.json","level":"info","hostname":"archlinux","timestamp":"2021-09-14T08:53:00.635Z"}
{"message":"focus round round started","level":"info","hostname":"archlinux","timestamp":"2021-09-14T08:53:05.215Z"}
{"message":"quitting app...","level":"info","hostname":"archlinux","timestamp":"2021-09-14T08:53:15.564Z"}
{"message":"Preferences loaded from /home/phuoclong/.config/pomotroid/user-preferences.json","level":"info","hostname":"archlinux","timestamp":"2021-09-14T08:53:20.392Z"}
{"message":"app ready","level":"info","hostname":"archlinux","timestamp":"2021-09-14T08:53:20.447Z"}
{"message":"Registering shortcut for call-timer-toggle: Control+F1","level":"info","hostname":"archlinux","timestamp":"2021-09-14T08:53:20.505Z"}
{"message":"Registering shortcut for call-timer-reset: Control+F2","level":"info","hostname":"archlinux","timestamp":"2021-09-14T08:53:20.506Z"}
{"message":"Registering shortcut for call-timer-skip: Control+F3","level":"info","hostname":"archlinux","timestamp":"2021-09-14T08:53:20.507Z"}
{"message":"Preferences loaded from /home/phuoclong/.config/pomotroid/user-preferences.json","level":"info","hostname":"archlinux","timestamp":"2021-09-14T08:53:20.760Z"}
{"message":"quitting app...","level":"info","hostname":"archlinux","timestamp":"2021-09-14T08:54:07.428Z"}
{"message":"Preferences loaded from /home/phuoclong/.config/pomotroid/user-preferences.json","level":"info","hostname":"archlinux","timestamp":"2021-09-14T08:54:10.224Z"}
{"message":"app ready","level":"info","hostname":"archlinux","timestamp":"2021-09-14T08:54:10.280Z"}
{"message":"Registering shortcut for call-timer-toggle: Control+F1","level":"info","hostname":"archlinux","timestamp":"2021-09-14T08:54:10.342Z"}
{"message":"Registering shortcut for call-timer-reset: Control+F2","level":"info","hostname":"archlinux","timestamp":"2021-09-14T08:54:10.343Z"}
{"message":"Registering shortcut for call-timer-skip: Control+F3","level":"info","hostname":"archlinux","timestamp":"2021-09-14T08:54:10.343Z"}
{"message":"Preferences loaded from /home/phuoclong/.config/pomotroid/user-preferences.json","level":"info","hostname":"archlinux","timestamp":"2021-09-14T08:54:10.588Z"}
{"message":"focus round round started","level":"info","hostname":"archlinux","timestamp":"2021-09-14T08:54:13.148Z"}
{"message":"quitting app...","level":"info","hostname":"archlinux","timestamp":"2021-09-14T08:54:15.963Z"}
{"message":"Preferences loaded from /home/phuoclong/.config/pomotroid/user-preferences.json","level":"info","hostname":"archlinux","timestamp":"2021-09-14T08:55:25.960Z"}
{"message":"app ready","level":"info","hostname":"archlinux","timestamp":"2021-09-14T08:55:26.016Z"}
{"message":"Registering shortcut for call-timer-toggle: Control+F1","level":"info","hostname":"archlinux","timestamp":"2021-09-14T08:55:26.091Z"}
{"message":"Registering shortcut for call-timer-reset: Control+F2","level":"info","hostname":"archlinux","timestamp":"2021-09-14T08:55:26.093Z"}
{"message":"Registering shortcut for call-timer-skip: Control+F3","level":"info","hostname":"archlinux","timestamp":"2021-09-14T08:55:26.093Z"}
{"message":"Preferences loaded from /home/phuoclong/.config/pomotroid/user-preferences.json","level":"info","hostname":"archlinux","timestamp":"2021-09-14T08:55:26.345Z"}
{"message":"focus round round started","level":"info","hostname":"archlinux","timestamp":"2021-09-14T08:55:56.220Z"}
{"message":"focus round completed","level":"info","hostname":"archlinux","timestamp":"2021-09-14T09:20:56.221Z"}
{"message":"short break round started","level":"info","hostname":"archlinux","timestamp":"2021-09-14T09:20:57.731Z"}
{"message":"Preferences loaded from /home/phuoclong/.config/pomotroid/user-preferences.json","level":"info","hostname":"archlinux","timestamp":"2021-09-14T09:22:56.374Z"}
{"message":"app ready","level":"info","hostname":"archlinux","timestamp":"2021-09-14T09:22:56.448Z"}
{"message":"Registering shortcut for call-timer-toggle: Control+F1","level":"info","hostname":"archlinux","timestamp":"2021-09-14T09:22:56.536Z"}
{"message":"Registering shortcut for call-timer-reset: Control+F2","level":"info","hostname":"archlinux","timestamp":"2021-09-14T09:22:56.537Z"}
{"message":"Registering shortcut for call-timer-skip: Control+F3","level":"info","hostname":"archlinux","timestamp":"2021-09-14T09:22:56.537Z"}
{"message":"Preferences loaded from /home/phuoclong/.config/pomotroid/user-preferences.json","level":"info","hostname":"archlinux","timestamp":"2021-09-14T09:22:56.834Z"}
{"message":"focus round round started","level":"info","hostname":"archlinux","timestamp":"2021-09-14T09:22:58.707Z"}
{"message":"Preferences loaded from /home/phuoclong/.config/pomotroid/user-preferences.json","level":"info","hostname":"archlinux","timestamp":"2021-09-14T09:38:57.016Z"}
{"message":"app ready","level":"info","hostname":"archlinux","timestamp":"2021-09-14T09:38:57.099Z"}
{"message":"Registering shortcut for call-timer-toggle: Control+F1","level":"info","hostname":"archlinux","timestamp":"2021-09-14T09:38:57.173Z"}
{"message":"Registering shortcut for call-timer-reset: Control+F2","level":"info","hostname":"archlinux","timestamp":"2021-09-14T09:38:57.174Z"}
{"message":"Registering shortcut for call-timer-skip: Control+F3","level":"info","hostname":"archlinux","timestamp":"2021-09-14T09:38:57.174Z"}
{"message":"Preferences loaded from /home/phuoclong/.config/pomotroid/user-preferences.json","level":"info","hostname":"archlinux","timestamp":"2021-09-14T09:38:57.452Z"}
{"message":"Preferences loaded from /home/phuoclong/.config/pomotroid/user-preferences.json","level":"info","hostname":"archlinux","timestamp":"2021-09-14T09:39:02.813Z"}
{"message":"app ready","level":"info","hostname":"archlinux","timestamp":"2021-09-14T09:39:02.873Z"}
{"message":"Registering shortcut for call-timer-toggle: Control+F1","level":"info","hostname":"archlinux","timestamp":"2021-09-14T09:39:02.949Z"}
{"message":"Registering shortcut for call-timer-reset: Control+F2","level":"info","hostname":"archlinux","timestamp":"2021-09-14T09:39:02.950Z"}
{"message":"Registering shortcut for call-timer-skip: Control+F3","level":"info","hostname":"archlinux","timestamp":"2021-09-14T09:39:02.950Z"}
{"message":"Preferences loaded from /home/phuoclong/.config/pomotroid/user-preferences.json","level":"info","hostname":"archlinux","timestamp":"2021-09-14T09:39:03.184Z"}
{"message":"Preferences loaded from /home/phuoclong/.config/pomotroid/user-preferences.json","level":"info","hostname":"archlinux","timestamp":"2021-09-14T12:44:18.870Z"}
{"message":"app ready","level":"info","hostname":"archlinux","timestamp":"2021-09-14T12:44:18.953Z"}
{"message":"Registering shortcut for call-timer-toggle: Control+F1","level":"info","hostname":"archlinux","timestamp":"2021-09-14T12:44:19.032Z"}
{"message":"Registering shortcut for call-timer-reset: Control+F2","level":"info","hostname":"archlinux","timestamp":"2021-09-14T12:44:19.033Z"}
{"message":"Registering shortcut for call-timer-skip: Control+F3","level":"info","hostname":"archlinux","timestamp":"2021-09-14T12:44:19.033Z"}
{"message":"Preferences loaded from /home/phuoclong/.config/pomotroid/user-preferences.json","level":"info","hostname":"archlinux","timestamp":"2021-09-14T12:44:19.312Z"}
{"message":"focus round round started","level":"info","hostname":"archlinux","timestamp":"2021-09-14T12:44:20.786Z"}
{"message":"Preferences loaded from /home/phuoclong/.config/pomotroid/user-preferences.json","level":"info","hostname":"archlinux","timestamp":"2021-09-14T12:45:02.974Z"}
{"message":"app ready","level":"info","hostname":"archlinux","timestamp":"2021-09-14T12:45:03.034Z"}
{"message":"Registering shortcut for call-timer-toggle: Control+F1","level":"info","hostname":"archlinux","timestamp":"2021-09-14T12:45:03.115Z"}
{"message":"Registering shortcut for call-timer-reset: Control+F2","level":"info","hostname":"archlinux","timestamp":"2021-09-14T12:45:03.115Z"}
{"message":"Registering shortcut for call-timer-skip: Control+F3","level":"info","hostname":"archlinux","timestamp":"2021-09-14T12:45:03.116Z"}
{"message":"Preferences loaded from /home/phuoclong/.config/pomotroid/user-preferences.json","level":"info","hostname":"archlinux","timestamp":"2021-09-14T12:45:03.353Z"}
{"message":"focus round completed","level":"info","hostname":"archlinux","timestamp":"2021-09-14T13:09:20.795Z"}
{"message":"short break round started","level":"info","hostname":"archlinux","timestamp":"2021-09-14T13:09:22.301Z"}
{"message":"short break completed","level":"info","hostname":"archlinux","timestamp":"2021-09-14T13:14:22.305Z"}
{"message":"focus round round started","level":"info","hostname":"archlinux","timestamp":"2021-09-14T13:14:23.811Z"}
{"message":"focus round round paused","level":"info","hostname":"archlinux","timestamp":"2021-09-14T13:32:33.098Z"}
{"message":"Preferences loaded from /home/phuoclong/.config/pomotroid/user-preferences.json","level":"info","hostname":"archlinux","timestamp":"2021-09-14T14:00:41.128Z"}
{"message":"app ready","level":"info","hostname":"archlinux","timestamp":"2021-09-14T14:00:41.210Z"}
{"message":"Registering shortcut for call-timer-toggle: Control+F1","level":"info","hostname":"archlinux","timestamp":"2021-09-14T14:00:41.294Z"}
{"message":"Registering shortcut for call-timer-reset: Control+F2","level":"info","hostname":"archlinux","timestamp":"2021-09-14T14:00:41.296Z"}
{"message":"Registering shortcut for call-timer-skip: Control+F3","level":"info","hostname":"archlinux","timestamp":"2021-09-14T14:00:41.296Z"}
{"message":"Preferences loaded from /home/phuoclong/.config/pomotroid/user-preferences.json","level":"info","hostname":"archlinux","timestamp":"2021-09-14T14:00:41.543Z"}
{"message":"focus round round started","level":"info","hostname":"archlinux","timestamp":"2021-09-14T14:01:28.728Z"}
{"message":"Preferences loaded from /home/phuoclong/.config/pomotroid/user-preferences.json","level":"info","hostname":"archlinux","timestamp":"2021-09-14T14:04:19.637Z"}
{"message":"app ready","level":"info","hostname":"archlinux","timestamp":"2021-09-14T14:04:19.749Z"}
{"message":"Registering shortcut for call-timer-toggle: Control+F1","level":"info","hostname":"archlinux","timestamp":"2021-09-14T14:04:19.821Z"}
{"message":"Registering shortcut for call-timer-reset: Control+F2","level":"info","hostname":"archlinux","timestamp":"2021-09-14T14:04:19.821Z"}
{"message":"Registering shortcut for call-timer-skip: Control+F3","level":"info","hostname":"archlinux","timestamp":"2021-09-14T14:04:19.822Z"}
{"message":"Preferences loaded from /home/phuoclong/.config/pomotroid/user-preferences.json","level":"info","hostname":"archlinux","timestamp":"2021-09-14T14:04:20.069Z"}
{"message":"focus round round started","level":"info","hostname":"archlinux","timestamp":"2021-09-14T14:15:02.070Z"}
{"message":"Preferences loaded from /home/phuoclong/.config/pomotroid/user-preferences.json","level":"info","hostname":"archlinux","timestamp":"2021-09-14T14:25:21.522Z"}
{"message":"app ready","level":"info","hostname":"archlinux","timestamp":"2021-09-14T14:25:21.612Z"}
{"message":"Registering shortcut for call-timer-toggle: Control+F1","level":"info","hostname":"archlinux","timestamp":"2021-09-14T14:25:21.684Z"}
{"message":"Registering shortcut for call-timer-reset: Control+F2","level":"info","hostname":"archlinux","timestamp":"2021-09-14T14:25:21.685Z"}
{"message":"Registering shortcut for call-timer-skip: Control+F3","level":"info","hostname":"archlinux","timestamp":"2021-09-14T14:25:21.685Z"}
{"message":"Preferences loaded from /home/phuoclong/.config/pomotroid/user-preferences.json","level":"info","hostname":"archlinux","timestamp":"2021-09-14T14:25:21.931Z"}
{"message":"focus round round started","level":"info","hostname":"archlinux","timestamp":"2021-09-14T14:25:42.459Z"}
{"message":"Preferences loaded from /home/phuoclong/.config/pomotroid/user-preferences.json","level":"info","hostname":"archlinux","timestamp":"2021-09-14T14:32:33.791Z"}
{"message":"app ready","level":"info","hostname":"archlinux","timestamp":"2021-09-14T14:32:33.897Z"}
{"message":"Registering shortcut for call-timer-toggle: Control+F1","level":"info","hostname":"archlinux","timestamp":"2021-09-14T14:32:33.968Z"}
{"message":"Registering shortcut for call-timer-reset: Control+F2","level":"info","hostname":"archlinux","timestamp":"2021-09-14T14:32:33.969Z"}
{"message":"Registering shortcut for call-timer-skip: Control+F3","level":"info","hostname":"archlinux","timestamp":"2021-09-14T14:32:33.969Z"}
{"message":"Preferences loaded from /home/phuoclong/.config/pomotroid/user-preferences.json","level":"info","hostname":"archlinux","timestamp":"2021-09-14T14:32:34.212Z"}
{"message":"focus round round started","level":"info","hostname":"archlinux","timestamp":"2021-09-14T14:33:41.326Z"}
{"message":"Preferences loaded from /home/phuoclong/.config/pomotroid/user-preferences.json","level":"info","hostname":"archlinux","timestamp":"2021-09-14T14:34:29.402Z"}
{"message":"app ready","level":"info","hostname":"archlinux","timestamp":"2021-09-14T14:34:29.505Z"}
{"message":"Registering shortcut for call-timer-toggle: Control+F1","level":"info","hostname":"archlinux","timestamp":"2021-09-14T14:34:29.570Z"}
{"message":"Registering shortcut for call-timer-reset: Control+F2","level":"info","hostname":"archlinux","timestamp":"2021-09-14T14:34:29.571Z"}
{"message":"Registering shortcut for call-timer-skip: Control+F3","level":"info","hostname":"archlinux","timestamp":"2021-09-14T14:34:29.571Z"}
{"message":"Preferences loaded from /home/phuoclong/.config/pomotroid/user-preferences.json","level":"info","hostname":"archlinux","timestamp":"2021-09-14T14:34:29.823Z"}
{"message":"Preferences loaded from /home/phuoclong/.config/pomotroid/user-preferences.json","level":"info","hostname":"archlinux","timestamp":"2021-09-14T14:36:39.939Z"}
{"message":"app ready","level":"info","hostname":"archlinux","timestamp":"2021-09-14T14:36:40.031Z"}
{"message":"Registering shortcut for call-timer-toggle: Control+F1","level":"info","hostname":"archlinux","timestamp":"2021-09-14T14:36:40.096Z"}
{"message":"Registering shortcut for call-timer-reset: Control+F2","level":"info","hostname":"archlinux","timestamp":"2021-09-14T14:36:40.096Z"}
{"message":"Registering shortcut for call-timer-skip: Control+F3","level":"info","hostname":"archlinux","timestamp":"2021-09-14T14:36:40.097Z"}
{"message":"Preferences loaded from /home/phuoclong/.config/pomotroid/user-preferences.json","level":"info","hostname":"archlinux","timestamp":"2021-09-14T14:36:40.345Z"}
{"message":"Preferences loaded from /home/phuoclong/.config/pomotroid/user-preferences.json","level":"info","hostname":"archlinux","timestamp":"2021-09-14T14:54:36.830Z"}
{"message":"app ready","level":"info","hostname":"archlinux","timestamp":"2021-09-14T14:54:36.911Z"}
{"message":"Registering shortcut for call-timer-toggle: Control+F1","level":"info","hostname":"archlinux","timestamp":"2021-09-14T14:54:37.009Z"}
{"message":"Registering shortcut for call-timer-reset: Control+F2","level":"info","hostname":"archlinux","timestamp":"2021-09-14T14:54:37.010Z"}
{"message":"Registering shortcut for call-timer-skip: Control+F3","level":"info","hostname":"archlinux","timestamp":"2021-09-14T14:54:37.010Z"}
{"message":"Preferences loaded from /home/phuoclong/.config/pomotroid/user-preferences.json","level":"info","hostname":"archlinux","timestamp":"2021-09-14T14:54:37.229Z"}
{"message":"focus round round started","level":"info","hostname":"archlinux","timestamp":"2021-09-14T15:23:39.250Z"}
{"message":"Preferences loaded from /home/phuoclong/.config/pomotroid/user-preferences.json","level":"info","hostname":"archlinux","timestamp":"2021-09-14T15:39:19.153Z"}
{"message":"app ready","level":"info","hostname":"archlinux","timestamp":"2021-09-14T15:39:19.247Z"}
{"message":"Registering shortcut for call-timer-toggle: Control+F1","level":"info","hostname":"archlinux","timestamp":"2021-09-14T15:39:19.315Z"}
{"message":"Registering shortcut for call-timer-reset: Control+F2","level":"info","hostname":"archlinux","timestamp":"2021-09-14T15:39:19.316Z"}
{"message":"Registering shortcut for call-timer-skip: Control+F3","level":"info","hostname":"archlinux","timestamp":"2021-09-14T15:39:19.316Z"}
{"message":"Preferences loaded from /home/phuoclong/.config/pomotroid/user-preferences.json","level":"info","hostname":"archlinux","timestamp":"2021-09-14T15:39:19.568Z"}
{"message":"focus round round started","level":"info","hostname":"archlinux","timestamp":"2021-09-14T15:39:31.830Z"}
{"message":"Preferences loaded from /home/phuoclong/.config/pomotroid/user-preferences.json","level":"info","hostname":"archlinux","timestamp":"2021-09-14T15:42:56.968Z"}
{"message":"app ready","level":"info","hostname":"archlinux","timestamp":"2021-09-14T15:42:57.064Z"}
{"message":"Registering shortcut for call-timer-toggle: Control+F1","level":"info","hostname":"archlinux","timestamp":"2021-09-14T15:42:57.133Z"}
{"message":"Registering shortcut for call-timer-reset: Control+F2","level":"info","hostname":"archlinux","timestamp":"2021-09-14T15:42:57.134Z"}
{"message":"Registering shortcut for call-timer-skip: Control+F3","level":"info","hostname":"archlinux","timestamp":"2021-09-14T15:42:57.134Z"}
{"message":"Preferences loaded from /home/phuoclong/.config/pomotroid/user-preferences.json","level":"info","hostname":"archlinux","timestamp":"2021-09-14T15:42:57.385Z"}
{"message":"focus round round started","level":"info","hostname":"archlinux","timestamp":"2021-09-14T15:43:11.616Z"}
{"message":"Preferences loaded from /home/phuoclong/.config/pomotroid/user-preferences.json","level":"info","hostname":"archlinux","timestamp":"2021-09-14T16:07:51.440Z"}
{"message":"app ready","level":"info","hostname":"archlinux","timestamp":"2021-09-14T16:07:51.565Z"}
{"message":"Registering shortcut for call-timer-toggle: Control+F1","level":"info","hostname":"archlinux","timestamp":"2021-09-14T16:07:51.646Z"}
{"message":"Registering shortcut for call-timer-reset: Control+F2","level":"info","hostname":"archlinux","timestamp":"2021-09-14T16:07:51.647Z"}
{"message":"Registering shortcut for call-timer-skip: Control+F3","level":"info","hostname":"archlinux","timestamp":"2021-09-14T16:07:51.647Z"}
{"message":"Preferences loaded from /home/phuoclong/.config/pomotroid/user-preferences.json","level":"info","hostname":"archlinux","timestamp":"2021-09-14T16:07:51.914Z"}
{"message":"Preferences loaded from /home/phuoclong/.config/pomotroid/user-preferences.json","level":"info","hostname":"archlinux","timestamp":"2021-09-14T16:16:51.509Z"}
{"message":"app ready","level":"info","hostname":"archlinux","timestamp":"2021-09-14T16:16:51.607Z"}
{"message":"Registering shortcut for call-timer-toggle: Control+F1","level":"info","hostname":"archlinux","timestamp":"2021-09-14T16:16:51.672Z"}
{"message":"Registering shortcut for call-timer-reset: Control+F2","level":"info","hostname":"archlinux","timestamp":"2021-09-14T16:16:51.705Z"}
{"message":"Registering shortcut for call-timer-skip: Control+F3","level":"info","hostname":"archlinux","timestamp":"2021-09-14T16:16:51.705Z"}
{"message":"Preferences loaded from /home/phuoclong/.config/pomotroid/user-preferences.json","level":"info","hostname":"archlinux","timestamp":"2021-09-14T16:16:51.924Z"}
{"message":"focus round round started","level":"info","hostname":"archlinux","timestamp":"2021-09-14T16:16:55.116Z"}
{"message":"Preferences loaded from /home/phuoclong/.config/pomotroid/user-preferences.json","level":"info","hostname":"archlinux","timestamp":"2021-09-14T16:29:10.832Z"}
{"message":"app ready","level":"info","hostname":"archlinux","timestamp":"2021-09-14T16:29:10.985Z"}
{"message":"Registering shortcut for call-timer-toggle: Control+F1","level":"info","hostname":"archlinux","timestamp":"2021-09-14T16:29:11.094Z"}
{"message":"Registering shortcut for call-timer-reset: Control+F2","level":"info","hostname":"archlinux","timestamp":"2021-09-14T16:29:11.095Z"}
{"message":"Registering shortcut for call-timer-skip: Control+F3","level":"info","hostname":"archlinux","timestamp":"2021-09-14T16:29:11.095Z"}
{"message":"Preferences loaded from /home/phuoclong/.config/pomotroid/user-preferences.json","level":"info","hostname":"archlinux","timestamp":"2021-09-14T16:29:11.309Z"}
{"message":"focus round round started","level":"info","hostname":"archlinux","timestamp":"2021-09-14T16:29:27.078Z"}
{"message":"Preferences loaded from /home/phuoclong/.config/pomotroid/user-preferences.json","level":"info","hostname":"archlinux","timestamp":"2021-09-14T16:34:46.629Z"}
{"message":"app ready","level":"info","hostname":"archlinux","timestamp":"2021-09-14T16:34:46.751Z"}
{"message":"Registering shortcut for call-timer-toggle: Control+F1","level":"info","hostname":"archlinux","timestamp":"2021-09-14T16:34:46.836Z"}
{"message":"Registering shortcut for call-timer-reset: Control+F2","level":"info","hostname":"archlinux","timestamp":"2021-09-14T16:34:46.836Z"}
{"message":"Registering shortcut for call-timer-skip: Control+F3","level":"info","hostname":"archlinux","timestamp":"2021-09-14T16:34:46.836Z"}
{"message":"Preferences loaded from /home/phuoclong/.config/pomotroid/user-preferences.json","level":"info","hostname":"archlinux","timestamp":"2021-09-14T16:34:47.085Z"}
{"message":"focus round round started","level":"info","hostname":"archlinux","timestamp":"2021-09-14T16:34:56.750Z"}
{"message":"focus round completed","level":"info","hostname":"archlinux","timestamp":"2021-09-14T16:59:56.762Z"}
{"message":"short break round started","level":"info","hostname":"archlinux","timestamp":"2021-09-14T16:59:58.269Z"}
